<?xml version="1.0" encoding="UTF-8"?>
<!-- Generated by org.testng.reporters.JUnitReportReporter -->
<testsuite hostname="DESKTOP-9L85874" failures="0" tests="1" name="com.Cognizant.TestClass.FurnitureTest" time="90.325" errors="0" timestamp="2020-06-05T15:39:06 IST" skipped="0">
  <testcase classname="com.Cognizant.TestClass.FurnitureTest" name="UrbanLadderTest" time="90.325"/>
  <system-out/>
</testsuite> <!-- com.Cognizant.TestClass.FurnitureTest -->
