<?xml version="1.0" encoding="UTF-8"?>
<!-- Generated by org.testng.reporters.JUnitReportReporter -->
<testsuite hostname="DESKTOP-9L85874" failures="0" tests="1" name="com.Cognizant.TestClass.FurnitureTest" time="122.409" errors="0" timestamp="2020-06-09T19:43:41 IST" skipped="0">
  <testcase classname="com.Cognizant.TestClass.FurnitureTest" name="UrbanLadderTest" time="122.409"/>
  <system-out/>
</testsuite> <!-- com.Cognizant.TestClass.FurnitureTest -->
